TIMESTAMP    TEMP  ARM_FREQ
0            35.0       600
1            35.0      1500
2            35.0       600
3            35.0       600
4            35.0       600
5            34.0       600
6            35.0       600
7            35.0       600
8            35.0       600
9            35.0       600
10           35.0       600
11           35.0       600
12           35.0       600
13           35.0       600
14           35.0       600
15           35.0       600
16           35.0       600
17           34.0       600
18           35.0       600
19           35.0       600
20           35.0       600
21           35.0       600
22           35.0       600
23           35.0       600
24           35.0       600
25           35.0       600
26           35.0       600
27           35.0       600
28           34.0       600
29           34.0       600
30           35.0       600
31           35.0       600
32           35.0       600
33           35.0       600
34           35.0       600
35           35.0       600
36           35.0       600
37           35.0       600
38           35.0       600
39           35.0       600
40           34.0       600
41           35.0       600
42           35.0       600
43           35.0       600
44           35.0       600
45           34.0       600
46           35.0       600
47           35.0       600
48           34.0       600
49           35.0       600
50           34.0       600
51           35.0       600
52           35.0       600
53           35.0       600
54           35.0       600
55           35.0       600
56           34.0       600
57           35.0       600
58           35.0       600
59           34.0       600
60           35.0       600
61           35.0      1500
62           38.0      1500
63           36.0      1500
64           38.0      1500
65           37.0      1500
66           38.0      1500
67           38.0      1500
68           39.0      1500
69           39.0      1500
70           38.0      1500
71           38.0      1500
72           38.0      1500
73           39.0      1500
74           39.0      1500
75           39.0      1500
76           39.0      1500
77           39.0      1500
78           39.0      1500
79           40.0      1500
80           40.0      1500
81           40.0      1500
82           39.0      1500
83           39.0      1500
84           41.0      1500
85           40.0      1500
86           39.0      1500
87           40.0      1500
88           40.0      1500
89           41.0      1500
90           40.0      1500
91           41.0      1500
92           40.0      1500
93           40.0      1500
94           41.0      1500
95           40.0      1500
96           41.0      1500
97           40.0      1500
98           41.0      1500
99           41.0      1500
100          41.0      1500
101          41.0      1500
102          41.0      1500
103          41.0      1500
104          40.0      1500
105          40.0      1500
106          41.0      1500
107          41.0      1500
108          41.0      1500
109          41.0      1500
110          41.0      1500
111          41.0      1500
112          42.0      1500
113          40.0      1500
114          42.0      1500
115          41.0      1500
116          41.0      1500
117          41.0      1500
118          41.0      1500
119          41.0      1500
120          41.0      1500
121          41.0      1500
122          41.0      1500
123          41.0      1500
124          41.0      1500
125          42.0      1500
126          42.0      1500
127          42.0      1500
128          42.0      1500
129          41.0      1500
130          41.0      1500
131          42.0      1500
132          42.0      1500
133          42.0      1500
134          42.0      1500
135          41.0      1500
136          41.0      1500
137          42.0      1500
138          41.0      1500
139          41.0      1500
140          42.0      1500
141          41.0      1500
142          42.0      1500
143          41.0      1500
144          42.0      1500
145          41.0      1500
146          41.0      1500
147          41.0      1500
148          41.0      1500
149          41.0      1500
150          41.0      1500
151          42.0      1500
152          41.0      1500
153          41.0      1500
154          42.0      1500
155          42.0      1500
156          41.0      1500
157          41.0      1500
158          42.0      1500
159          43.0      1500
160          42.0      1500
161          42.0      1500
162          42.0      1500
163          42.0      1500
164          41.0      1500
165          42.0      1500
166          42.0      1500
167          42.0      1500
168          42.0      1500
169          42.0      1500
170          41.0      1500
171          42.0      1500
172          42.0      1500
173          41.0      1500
174          42.0      1500
175          42.0      1500
176          42.0      1500
177          42.0      1500
178          42.0      1500
179          42.0      1500
180          43.0      1500
181          42.0      1500
182          42.0      1500
183          43.0      1500
184          42.0      1500
185          42.0      1500
186          42.0      1500
187          43.0      1500
188          43.0      1500
189          42.0      1500
190          42.0      1500
191          42.0      1500
192          42.0      1500
193          43.0      1500
194          42.0      1500
195          42.0      1500
196          41.0      1500
197          42.0      1500
198          43.0      1500
199          42.0      1500
200          42.0      1500
201          42.0      1500
202          43.0      1500
203          42.0      1500
204          43.0      1500
205          43.0      1500
206          42.0      1500
207          43.0      1500
208          42.0      1500
209          42.0      1500
210          43.0      1500
211          43.0      1500
212          42.0      1500
213          42.0      1500
214          42.0      1500
215          42.0      1500
216          43.0      1500
217          43.0      1500
218          43.0      1500
219          42.0      1500
220          42.0      1500
221          43.0      1500
222          43.0      1500
223          42.0      1500
224          42.0      1500
225          43.0      1500
226          42.0      1500
227          42.0      1500
228          43.0      1500
229          42.0      1500
230          43.0      1500
231          42.0      1500
232          43.0      1500
233          42.0      1500
234          43.0      1500
235          43.0      1500
236          42.0      1500
237          43.0      1500
238          42.0      1500
239          42.0      1500
240          42.0      1500
241          43.0      1500
242          42.0      1500
243          43.0      1500
244          43.0      1500
245          41.0      1500
246          43.0      1500
247          41.0      1500
248          42.0      1500
249          43.0      1500
250          42.0      1500
251          42.0      1500
252          44.0      1500
253          42.0      1500
254          42.0      1500
255          42.0      1500
256          43.0      1500
257          43.0      1500
258          42.0      1500
259          43.0      1500
260          43.0      1500
261          42.0      1500
262          44.0      1500
263          43.0      1500
264          43.0      1500
265          43.0      1500
266          43.0      1500
267          43.0      1500
268          43.0      1500
269          43.0      1500
270          43.0      1500
271          43.0      1500
272          42.0      1500
273          43.0      1500
274          43.0      1500
275          42.0      1500
276          42.0      1500
277          43.0      1500
278          43.0      1500
279          42.0      1500
280          43.0      1500
281          42.0      1500
282          42.0      1500
283          43.0      1500
284          43.0      1500
285          42.0      1500
286          42.0      1500
287          43.0      1500
288          42.0      1500
289          42.0      1500
290          42.0      1500
291          43.0      1500
292          43.0      1500
293          43.0      1500
294          43.0      1500
295          43.0      1500
296          43.0      1500
297          43.0      1500
298          43.0      1500
299          42.0      1500
300          42.0      1500
301          43.0      1500
302          43.0      1500
303          43.0      1500
304          42.0      1500
305          42.0      1500
306          43.0      1500
307          43.0      1500
308          43.0      1500
309          42.0      1500
310          43.0      1500
311          43.0      1500
312          43.0      1500
313          43.0      1500
314          43.0      1500
315          43.0      1500
316          43.0      1500
317          43.0      1500
318          43.0      1500
319          42.0      1500
320          43.0      1500
321          43.0      1500
322          43.0      1500
323          43.0      1500
324          42.0      1500
325          42.0      1500
326          42.0      1500
327          43.0      1500
328          43.0      1500
329          43.0      1500
330          43.0      1500
331          44.0      1500
332          42.0      1500
333          43.0      1500
334          43.0      1500
335          42.0      1500
336          43.0      1500
337          42.0      1500
338          43.0      1500
339          43.0      1500
340          43.0      1500
341          43.0      1500
342          43.0      1500
343          43.0      1500
344          42.0      1500
345          42.0      1500
346          42.0      1500
347          44.0      1500
348          43.0      1500
349          43.0      1500
350          43.0      1500
351          42.0      1500
352          43.0      1500
353          43.0      1500
354          42.0      1500
355          43.0      1500
356          43.0      1500
357          42.0      1500
358          43.0      1500
359          43.0      1500
360          43.0      1500
361          41.0       600
362          40.0       600
363          40.0       600
364          41.0       600
365          40.0       600
366          39.0       600
367          39.0       600
368          38.0       600
369          39.0       600
370          39.0       600
371          38.0       600
372          39.0       600
373          38.0       600
374          38.0       600
375          38.0       600
376          38.0       600
377          37.0       600
378          38.0       600
379          37.0       600
380          37.0       600
381          37.0       600
382          38.0       600
383          37.0       600
384          37.0       600
385          37.0       600
386          38.0       600
387          38.0       600
388          37.0       600
389          35.0       600
390          36.0       600
391          37.0       600
392          37.0       600
393          36.0       600
394          37.0       600
395          37.0       600
396          36.0       600
397          37.0       600
398          36.0       600
399          37.0       600
400          37.0       600
401          36.0       600
402          36.0       600
403          36.0       600
404          37.0       600
405          36.0       600
406          37.0       600
407          36.0       600
408          36.0       600
409          36.0       600
410          36.0       600
411          35.0       600
412          36.0       600
413          35.0       600
414          36.0       600
415          37.0       600
416          36.0       600
417          36.0       600
418          36.0       600
419          37.0       600
420          36.0       600
421          35.0       600
422          35.0       600
423          36.0       600
424          36.0       600
425          35.0       600
426          35.0       600
427          36.0       600
428          36.0       600
429          36.0       600
430          36.0       600
431          36.0       600
432          36.0       600
433          36.0       600
434          36.0       600
435          36.0       600
436          36.0       600
437          36.0       600
438          36.0       600
439          35.0       600
440          35.0       600
441          36.0       600
442          35.0       600
443          36.0       600
444          36.0       600
445          36.0       600
446          35.0       600
447          36.0       600
448          35.0       600
449          36.0       600
450          36.0       600
451          35.0       600
452          35.0       600
453          35.0       600
454          35.0       600
455          36.0       600
456          36.0       600
457          35.0       600
458          35.0       600
459          35.0       600
460          35.0       600
461          36.0       600
462          35.0       600
463          35.0       600
464          35.0       600
465          35.0       600
466          35.0       600
467          36.0       600
468          35.0       600
469          35.0       600
470          36.0       600
471          35.0       600
472          35.0       600
473          35.0       600
474          36.0       600
475          35.0       600
476          36.0       600
477          35.0       600
478          36.0       600
479          35.0       600
480          36.0       600
481          35.0       600
482          36.0       600
483          35.0       600
484          36.0       600
485          35.0       600
486          35.0       600
487          36.0       600
488          35.0       600
489          35.0       600
490          35.0       600
491          35.0       600
492          35.0       600
493          35.0       600
494          36.0       600
495          35.0       600
496          35.0       600
497          35.0       600
498          35.0       600
499          36.0       600
500          35.0       600
501          35.0       600
502          35.0       600
503          35.0       600
504          35.0       600
505          35.0       600
506          36.0       600
507          35.0       600
508          35.0       600
509          35.0       600
510          35.0       600
511          35.0       600
512          35.0       600
513          35.0       600
514          35.0       600
515          35.0       600
516          35.0       600
517          35.0       600
518          35.0       600
519          35.0       600
520          35.0       600
521          35.0       600
522          35.0       600
523          35.0       600
524          35.0       600
525          36.0       600
526          35.0       600
527          35.0       600
528          35.0       600
529          35.0       600
530          35.0       600
531          35.0       600
532          35.0       600
533          35.0       600
534          36.0       600
535          35.0       600
536          36.0       600
537          35.0       600
538          35.0       600
539          35.0       600
540          34.0       600
541          36.0      1500
542          37.0      1500
543          37.0      1500
544          37.0      1500
545          39.0      1500
546          38.0      1500
547          38.0      1500
548          38.0      1500
549          38.0      1500
550          38.0      1500
551          39.0      1500
552          38.0      1500
553          39.0      1500
554          38.0      1500
555          39.0      1500
556          38.0      1500
557          40.0      1500
558          39.0      1500
559          40.0      1500
560          40.0      1500
561          40.0      1500
562          39.0      1500
563          39.0      1500
564          39.0      1500
565          41.0      1500
566          40.0      1500
567          40.0      1500
568          41.0      1500
569          41.0      1500
570          40.0      1500
571          40.0      1500
572          40.0      1500
573          40.0      1500
574          41.0      1500
575          41.0      1500
576          40.0      1500
577          40.0      1500
578          40.0      1500
579          41.0      1500
580          40.0      1500
581          41.0      1500
582          40.0      1500
583          40.0      1500
584          40.0      1500
585          41.0      1500
586          41.0      1500
587          42.0      1500
588          42.0      1500
589          41.0      1500
590          41.0      1500
591          42.0      1500
592          41.0      1500
593          42.0      1500
594          41.0      1500
595          41.0      1500
596          42.0      1500
597          41.0      1500
598          41.0      1500
599          40.0      1500
600          42.0      1500
601          41.0      1500
602          42.0      1500
603          41.0      1500
604          41.0      1500
605          43.0      1500
606          43.0      1500
607          41.0      1500
608          42.0      1500
609          41.0      1500
610          42.0      1500
611          41.0      1500
612          41.0      1500
613          43.0      1500
614          42.0      1500
615          41.0      1500
616          41.0      1500
617          41.0      1500
618          41.0      1500
619          42.0      1500
620          43.0      1500
621          42.0      1500
622          42.0      1500
623          41.0      1500
624          40.0      1500
625          41.0      1500
626          41.0      1500
627          41.0      1500
628          42.0      1500
629          41.0      1500
630          42.0      1500
631          42.0      1500
632          41.0      1500
633          43.0      1500
634          41.0      1500
635          41.0      1500
636          41.0      1500
637          42.0      1500
638          41.0      1500
639          42.0      1500
640          43.0      1500
641          41.0      1500
642          41.0      1500
643          42.0      1500
644          42.0      1500
645          42.0      1500
646          41.0      1500
647          43.0      1500
648          42.0      1500
649          41.0      1500
650          42.0      1500
651          43.0      1500
652          42.0      1500
653          42.0      1500
654          41.0      1500
655          42.0      1500
656          42.0      1500
657          42.0      1500
658          42.0      1500
659          42.0      1500
660          42.0      1500
661          43.0      1500
662          42.0      1500
663          43.0      1500
664          43.0      1500
665          43.0      1500
666          43.0      1500
667          41.0      1500
668          42.0      1500
669          43.0      1500
670          42.0      1500
671          43.0      1500
672          42.0      1500
673          42.0      1500
674          42.0      1500
675          42.0      1500
676          42.0      1500
677          42.0      1500
678          41.0      1500
679          42.0      1500
680          42.0      1500
681          42.0      1500
682          42.0      1500
683          43.0      1500
684          42.0      1500
685          42.0      1500
686          42.0      1500
687          42.0      1500
688          42.0      1500
689          42.0      1500
690          43.0      1500
691          42.0      1500
692          42.0      1500
693          43.0      1500
694          42.0      1500
695          43.0      1500
696          42.0      1500
697          43.0      1500
698          42.0      1500
699          42.0      1500
700          42.0      1500
701          43.0      1500
702          42.0      1500
703          42.0      1500
704          42.0      1500
705          42.0      1500
706          42.0      1500
707          41.0      1500
708          43.0      1500
709          42.0      1500
710          42.0      1500
711          43.0      1500
712          42.0      1500
713          42.0      1500
714          42.0      1500
715          43.0      1500
716          42.0      1500
717          43.0      1500
718          42.0      1500
719          42.0      1500
720          43.0      1500
721          43.0      1500
722          43.0      1500
723          43.0      1500
724          42.0      1500
725          42.0      1500
726          43.0      1500
727          42.0      1500
728          41.0      1500
729          43.0      1500
730          42.0      1500
731          43.0      1500
732          42.0      1500
733          42.0      1500
734          42.0      1500
735          42.0      1500
736          41.0      1500
737          42.0      1500
738          42.0      1500
739          42.0      1500
740          42.0      1500
741          44.0      1500
742          42.0      1500
743          42.0      1500
744          42.0      1500
745          42.0      1500
746          42.0      1500
747          42.0      1500
748          42.0      1500
749          43.0      1500
750          43.0      1500
751          43.0      1500
752          42.0      1500
753          42.0      1500
754          42.0      1500
755          42.0      1500
756          42.0      1500
757          42.0      1500
758          42.0      1500
759          42.0      1500
760          43.0      1500
761          42.0      1500
762          43.0      1500
763          41.0      1500
764          42.0      1500
765          42.0      1500
766          41.0      1500
767          42.0      1500
768          43.0      1500
769          43.0      1500
770          43.0      1500
771          42.0      1500
772          42.0      1500
773          42.0      1500
774          43.0      1500
775          42.0      1500
776          43.0      1500
777          43.0      1500
778          42.0      1500
779          41.0      1500
780          43.0      1500
781          42.0      1500
782          43.0      1500
783          43.0      1500
784          43.0      1500
785          43.0      1500
786          42.0      1500
787          43.0      1500
788          43.0      1500
789          42.0      1500
790          42.0      1500
791          42.0      1500
792          42.0      1500
793          42.0      1500
794          42.0      1500
795          44.0      1500
796          44.0      1500
797          43.0      1500
798          43.0      1500
799          43.0      1500
800          44.0      1500
801          43.0      1500
802          42.0      1500
803          43.0      1500
804          43.0      1500
805          43.0      1500
806          43.0      1500
807          43.0      1500
808          43.0      1500
809          43.0      1500
810          43.0      1500
811          42.0      1500
812          42.0      1500
813          43.0      1500
814          42.0      1500
815          43.0      1500
816          43.0      1500
817          43.0      1500
818          43.0      1500
819          42.0      1500
820          43.0      1500
821          42.0      1500
822          42.0      1500
823          43.0       600
824          43.0       600
825          43.0      1500
826          43.0      1500
827          42.0      1500
828          43.0      1500
829          42.0      1500
830          43.0      1500
831          44.0      1500
832          43.0      1500
833          42.0      1500
834          43.0      1500
835          42.0      1500
836          43.0      1500
837          43.0      1500
838          43.0      1500
839          43.0      1500
840          43.0      1500
841          42.0      1500
842          41.0       600
843          40.0       600
844          40.0       600
845          39.0       600
846          39.0       600
847          39.0       600
848          39.0       600
849          38.0       600
850          39.0       600
851          38.0       600
852          38.0       600
853          39.0       600
854          39.0       600
855          38.0       600
856          39.0       600
857          38.0       600
858          38.0       600
859          36.0       600
860          38.0       600
861          38.0       600
862          38.0       600
863          38.0       600
864          37.0       600
865          36.0       600
866          37.0       600
867          37.0       600
868          37.0       600
869          37.0       600
870          36.0       600
871          37.0       600
872          36.0       600
873          37.0       600
874          37.0       600
875          38.0       600
876          37.0       600
877          37.0       600
878          37.0       600
879          37.0       600
880          37.0       600
881          38.0       600
882          36.0       600
883          36.0       600
884          36.0       600
885          37.0       600
886          37.0       600
887          37.0       600
888          36.0       600
889          37.0       600
890          36.0       600
891          36.0       600
892          37.0       600
893          37.0       600
894          38.0       600
895          36.0       600
896          36.0       600
897          36.0       600
898          35.0       600
899          36.0       600
900          37.0       600
901          35.0       600
902          37.0       600
903          36.0       600
904          36.0       600
905          35.0       600
906          36.0       600
907          36.0       600
908          37.0       600
909          36.0       600
910          36.0       600
911          36.0       600
912          37.0       600
913          36.0       600
914          35.0       600
915          36.0       600
916          36.0       600
917          36.0       600
918          36.0       600
919          35.0       600
920          36.0       600
921          36.0       600
922          36.0       600
923          35.0       600
924          36.0       600
925          35.0       600
926          35.0       600
927          36.0       600
928          36.0       600
929          35.0       600
930          35.0       600
931          35.0       600
932          35.0       600
933          35.0       600
934          35.0       600
935          36.0       600
936          35.0       600
937          35.0       600
938          35.0       600
939          35.0       600
940          36.0       600
941          35.0       600
942          35.0       600
943          35.0       600
944          36.0       600
945          35.0       600
946          35.0       600
947          35.0       600
948          35.0       600
949          35.0       600
950          35.0       600
951          36.0       600
952          35.0       600
953          35.0       600
954          36.0       600
955          35.0       600
956          36.0       600
957          35.0       600
958          35.0       600
959          36.0       600
960          36.0       600
961          35.0       600
962          35.0       600
963          35.0       600
964          35.0       600
965          35.0       600
966          35.0       600
967          36.0       600
968          35.0       600
969          34.0       600
970          35.0       600
971          35.0       600
972          35.0       600
973          35.0       600
974          35.0       600
975          35.0       600
976          35.0       600
977          35.0       600
978          35.0       600
979          35.0       600
980          35.0       600
981          35.0       600
982          36.0       600
983          36.0       600
984          35.0       600
985          35.0       600
986          35.0       600
987          34.0       600
988          35.0       600
989          35.0       600
990          35.0       600
991          35.0       600
992          35.0       600
993          35.0       600
994          35.0       600
995          35.0       600
996          35.0       600
997          35.0       600
998          36.0       600
999          35.0       600
1000         35.0       600
1001         35.0       600
1002         35.0       600
1003         35.0       600
1004         35.0       600
1005         35.0       600
1006         35.0       600
1007         35.0       600
1008         35.0       600
1009         35.0       600
1010         35.0       600
1011         35.0       600
1012         35.0       600
1013         36.0       600
1014         35.0       600
1015         36.0       600
1016         35.0       600
1017         36.0       600
1018         35.0       600
1019         35.0       600
1020         35.0       600
1021         39.0      1500
1022         40.0      1500
1023         41.0      1500
1024         42.0      1500
1025         43.0      1500
1026         44.0      1500
1027         44.0      1500
1028         44.0      1500
1029         45.0      1500
1030         45.0      1500
1031         45.0      1500
1032         45.0      1500
1033         46.0      1500
1034         45.0      1500
1035         47.0      1500
1036         46.0      1500
1037         45.0      1500
1038         46.0      1500
1039         48.0      1500
1040         47.0      1500
1041         47.0      1500
1042         47.0      1500
1043         47.0      1500
1044         47.0      1500
1045         48.0      1500
1046         48.0      1500
1047         49.0      1500
1048         49.0      1500
1049         49.0      1500
1050         48.0      1500
1051         49.0      1500
1052         48.0      1500
1053         48.0      1500
1054         49.0      1500
1055         50.0      1500
1056         49.0      1500
1057         49.0      1500
1058         50.0      1500
1059         49.0      1500
1060         50.0      1500
1061         50.0      1500
1062         50.0      1500
1063         51.0      1500
1064         49.0      1500
1065         50.0      1500
1066         50.0      1500
1067         51.0      1500
1068         50.0      1500
1069         51.0      1500
1070         51.0      1500
1071         51.0      1500
1072         51.0      1500
1073         51.0      1500
1074         50.0      1500
1075         51.0      1500
1076         51.0      1500
1077         51.0      1500
1078         51.0      1500
1079         52.0      1500
1080         51.0      1500
1081         52.0      1500
1082         52.0      1500
1083         52.0      1500
1084         50.0      1500
1085         50.0      1500
1086         51.0      1500
1087         51.0      1500
1088         52.0      1500
1089         51.0      1500
1090         52.0      1500
1091         52.0      1500
1092         50.0      1500
1093         52.0      1500
1094         52.0      1500
1095         52.0      1500
1096         52.0      1500
1097         52.0      1500
1098         51.0      1500
1099         52.0      1500
1100         52.0      1500
1101         52.0      1500
1102         54.0      1500
1103         51.0      1500
1104         53.0      1500
1105         52.0      1500
1106         52.0      1500
1107         52.0      1500
1108         53.0      1500
1109         53.0      1500
1110         53.0      1500
1111         52.0      1500
1112         52.0      1500
1113         52.0      1500
1114         53.0      1500
1115         52.0      1500
1116         52.0      1500
1117         52.0      1500
1118         52.0      1500
1119         52.0      1500
1120         52.0      1500
1121         52.0      1500
1122         54.0      1500
1123         53.0      1500
1124         53.0      1500
1125         52.0      1500
1126         53.0      1500
1127         53.0      1500
1128         53.0      1500
1129         52.0      1500
1130         53.0      1500
1131         52.0      1500
1132         54.0      1500
1133         53.0      1500
1134         53.0      1500
1135         53.0      1500
1136         53.0      1500
1137         53.0      1500
1138         52.0      1500
1139         52.0      1500
1140         53.0      1500
1141         54.0      1500
1142         53.0      1500
1143         53.0      1500
1144         53.0      1500
1145         53.0      1500
1146         54.0      1500
1147         53.0      1500
1148         53.0      1500
1149         53.0      1500
1150         54.0      1500
1151         54.0      1500
1152         53.0      1500
1153         53.0      1500
1154         53.0      1500
1155         52.0      1500
1156         53.0      1500
1157         54.0      1500
1158         52.0      1500
1159         53.0      1500
1160         53.0      1500
1161         53.0      1500
1162         54.0      1500
1163         54.0      1500
1164         53.0      1500
1165         53.0      1500
1166         54.0      1500
1167         53.0      1500
1168         54.0      1500
1169         53.0      1500
1170         53.0      1500
1171         54.0      1500
1172         54.0      1500
1173         53.0      1500
1174         54.0      1500
1175         54.0      1500
1176         54.0      1500
1177         53.0      1500
1178         54.0      1500
1179         54.0      1500
1180         53.0      1500
1181         54.0      1500
1182         54.0      1500
1183         54.0      1500
1184         54.0      1500
1185         54.0      1500
1186         54.0      1500
1187         54.0      1500
1188         54.0      1500
1189         54.0      1500
1190         54.0      1500
1191         54.0      1500
1192         54.0      1500
1193         54.0      1500
1194         55.0      1500
1195         55.0      1500
1196         54.0      1500
1197         54.0      1500
1198         55.0      1500
1199         55.0      1500
1200         55.0      1500
1201         54.0      1500
1202         55.0      1500
1203         55.0      1500
1204         55.0      1500
1205         54.0      1500
1206         54.0      1500
1207         54.0      1500
1208         54.0      1500
1209         55.0      1500
1210         54.0      1500
1211         55.0      1500
1212         55.0      1500
1213         55.0      1500
1214         54.0      1500
1215         55.0      1500
1216         54.0      1500
1217         54.0      1500
1218         54.0      1500
1219         56.0      1500
1220         55.0      1500
1221         55.0      1500
1222         55.0      1500
1223         55.0      1500
1224         55.0      1500
1225         55.0      1500
1226         55.0      1500
1227         55.0      1500
1228         54.0      1500
1229         55.0      1500
1230         55.0      1500
1231         55.0      1500
1232         55.0      1500
1233         55.0      1500
1234         55.0      1500
1235         55.0      1500
1236         54.0      1500
1237         54.0      1500
1238         55.0      1500
1239         55.0      1500
1240         55.0      1500
1241         56.0      1500
1242         55.0      1500
1243         55.0      1500
1244         54.0      1500
1245         54.0      1500
1246         56.0      1500
1247         55.0      1500
1248         56.0      1500
1249         55.0      1500
1250         55.0      1500
1251         55.0      1500
1252         55.0      1500
1253         56.0      1500
1254         56.0      1500
1255         56.0      1500
1256         56.0      1500
1257         56.0      1500
1258         56.0      1500
1259         55.0      1500
1260         56.0      1500
1261         56.0      1500
1262         56.0      1500
1263         56.0      1500
1264         56.0      1500
1265         55.0      1500
1266         56.0      1500
1267         55.0      1500
1268         55.0      1500
1269         55.0      1500
1270         56.0      1500
1271         55.0      1500
1272         55.0      1500
1273         56.0      1500
1274         56.0      1500
1275         54.0      1500
1276         56.0      1500
1277         55.0      1500
1278         55.0      1500
1279         55.0      1500
1280         56.0      1500
1281         57.0      1500
1282         55.0      1500
1283         55.0      1500
1284         56.0      1500
1285         57.0      1500
1286         55.0      1500
1287         55.0      1500
1288         56.0      1500
1289         57.0      1500
1290         55.0      1500
1291         55.0      1500
1292         56.0      1500
1293         56.0      1500
1294         56.0      1500
1295         56.0      1500
1296         56.0      1500
1297         56.0      1500
1298         56.0      1500
1299         56.0      1500
1300         56.0      1500
1301         56.0      1500
1302         56.0      1500
1303         56.0      1500
1304         55.0      1500
1305         56.0      1500
1306         56.0      1500
1307         55.0      1500
1308         55.0      1500
1309         57.0      1500
1310         56.0      1500
1311         56.0      1500
1312         55.0      1500
1313         56.0      1500
1314         55.0      1500
1315         56.0      1500
1316         57.0      1500
1317         56.0      1500
1318         56.0      1500
1319         56.0      1500
1320         56.0      1500
1321         54.0      1500
1322         52.0       600
1323         50.0       600
1324         48.0       600
1325         49.0       600
1326         48.0       600
1327         48.0       600
1328         47.0       600
1329         47.0       600
1330         46.0       600
1331         47.0       600
1332         46.0       600
1333         45.0       600
1334         45.0       600
1335         45.0       600
1336         44.0       600
1337         44.0       600
1338         44.0       600
1339         44.0       600
1340         44.0       600
1341         44.0       600
1342         43.0       600
1343         44.0       600
1344         42.0       600
1345         42.0       600
1346         42.0       600
1347         42.0       600
1348         41.0       600
1349         42.0       600
1350         41.0       600
1351         41.0       600
1352         42.0       600
1353         41.0       600
1354         41.0       600
1355         42.0       600
1356         41.0       600
1357         42.0       600
1358         41.0       600
1359         41.0       600
1360         41.0       600
1361         41.0       600
1362         40.0       600
1363         39.0       600
1364         40.0       600
1365         40.0       600
1366         40.0       600
1367         39.0       600
1368         40.0       600
1369         40.0       600
1370         41.0       600
1371         40.0       600
1372         39.0       600
1373         40.0       600
1374         39.0       600
1375         39.0       600
1376         39.0       600
1377         39.0       600
1378         39.0       600
1379         38.0       600
1380         38.0       600
1381         38.0       600
1382         40.0       600
1383         40.0       600
1384         38.0       600
1385         39.0       600
1386         37.0       600
1387         38.0       600
1388         38.0       600
1389         38.0       600
1390         38.0       600
1391         39.0       600
1392         38.0       600
1393         38.0       600
1394         39.0       600
1395         38.0       600
1396         37.0       600
1397         38.0       600
1398         37.0       600
1399         37.0       600
1400         38.0       600
1401         38.0       600
1402         37.0       600
1403         38.0       600
1404         37.0       600
1405         37.0       600
1406         37.0       600
1407         37.0       600
1408         37.0       600
1409         37.0       600
1410         38.0       600
1411         37.0       600
1412         37.0       600
1413         38.0       600
1414         37.0       600
1415         37.0       600
1416         38.0       600
1417         38.0       600
1418         38.0       600
1419         38.0       600
1420         37.0       600
1421         38.0       600
1422         37.0       600
1423         37.0       600
1424         37.0       600
1425         37.0       600
1426         37.0       600
1427         37.0       600
1428         37.0       600
1429         37.0       600
1430         37.0       600
1431         38.0       600
1432         37.0       600
1433         37.0       600
1434         37.0       600
1435         37.0       600
1436         35.0       600
1437         36.0       600
1438         36.0       600
1439         36.0       600
1440         36.0       600
1441         37.0       600
1442         36.0       600
1443         37.0       600
1444         36.0       600
1445         36.0       600
1446         36.0       600
1447         37.0       600
1448         36.0       600
1449         36.0       600
1450         36.0       600
1451         37.0       600
1452         37.0       600
1453         37.0       600
1454         37.0       600
1455         36.0       600
1456         36.0       600
1457         36.0       600
1458         36.0       600
1459         36.0       600
1460         35.0       600
1461         37.0       600
1462         36.0       600
1463         36.0       600
1464         37.0       600
1465         37.0       600
1466         36.0       600
1467         37.0       600
1468         36.0       600
1469         36.0       600
1470         36.0       600
1471         36.0       600
1472         36.0       600
1473         36.0       600
1474         36.0       600
1475         36.0       600
1476         36.0       600
1477         36.0       600
1478         35.0       600
1479         36.0       600
1480         35.0       600
1481         35.0       600
1482         37.0       600
1483         37.0       600
1484         35.0       600
1485         36.0       600
1486         36.0       600
1487         35.0       600
1488         36.0       600
1489         35.0       600
1490         36.0       600
1491         36.0       600
1492         36.0       600
1493         35.0       600
1494         36.0       600
1495         37.0       600
1496         35.0       600
1497         35.0       600
1498         35.0       600
1499         36.0       600
1500         35.0       600
1501         35.0       600
1502         35.0       600
1503         36.0       600
1504         35.0       600
1505         36.0       600
1506         36.0       600
1507         35.0       600
1508         35.0       600
1509         35.0       600
1510         37.0       600
1511         36.0       600
1512         35.0       600
1513         35.0       600
1514         36.0       600
1515         36.0       600
1516         35.0       600
1517         35.0       600
1518         36.0       600
1519         35.0       600
1520         36.0       600
1521         35.0       600
1522         35.0       600
1523         35.0       600
1524         35.0       600
1525         35.0       600
1526         35.0       600
1527         37.0       600
1528         35.0       600
1529         35.0       600
1530         36.0       600
1531         35.0       600
1532         35.0       600
1533         35.0       600
1534         36.0       600
1535         36.0       600
1536         35.0       600
1537         35.0       600
1538         35.0       600
1539         35.0       600
1540         35.0       600
1541         35.0       600
1542         36.0       600
1543         35.0       600
1544         35.0       600
1545         36.0       600
1546         35.0       600
1547         35.0       600
1548         36.0       600
1549         35.0       600
1550         35.0       600
1551         35.0       600
1552         35.0       600
1553         35.0       600
1554         35.0       600
1555         35.0       600
1556         36.0       600
1557         35.0       600
1558         35.0       600
1559         35.0       600
1560         35.0       600
1561         35.0       600
1562         35.0       600
1563         35.0       600
1564         35.0       600
1565         35.0       600
1566         35.0       600
1567         35.0       600
1568         35.0       600
1569         35.0       600
1570         35.0       600
1571         35.0       600
1572         35.0       600
1573         35.0       600
1574         35.0       600
1575         35.0       600
1576         35.0       600
1577         35.0       600
1578         36.0       600
1579         35.0       600
1580         35.0       600
1581         35.0       600
1582         35.0       600
1583         35.0       600
1584         35.0       600
1585         35.0       600
1586         35.0       600
1587         35.0       600
1588         35.0       600
1589         35.0       600
1590         35.0       600
1591         35.0       600
1592         35.0       600
1593         35.0       600
1594         35.0       600
1595         35.0       600
1596         34.0       600
1597         35.0       600
1598         35.0       600
1599         35.0       600
1600         35.0       600
1601         34.0       600
1602         35.0       600
1603         35.0       600
1604         35.0       600
1605         35.0       600
1606         35.0       600
1607         35.0       600
1608         36.0       600
1609         35.0       600
1610         34.0       600
1611         35.0       600
1612         36.0       600
1613         35.0       600
1614         34.0       600
1615         35.0       600
1616         35.0       600
1617         35.0       600
1618         35.0       600
1619         35.0       600
1620         34.0       600
1621         35.0       600
1622         35.0       600
1623         35.0       600
1624         35.0       600
1625         35.0       600
1626         35.0       600
1627         35.0       600
1628         35.0       600
1629         35.0       600
1630         35.0       600
1631         35.0       600
1632         35.0       600
1633         34.0       600
1634         35.0       600
1635         35.0       600
1636         35.0       600
1637         35.0       600
1638         35.0       600
1639         35.0       600
1640         35.0       600
1641         35.0       600
1642         35.0       600
1643         34.0       600
1644         35.0       600
1645         35.0       600
1646         35.0       600
1647         35.0       600
1648         35.0       600
1649         36.0       600
1650         36.0       600
1651         35.0       600
1652         35.0       600
1653         35.0       600
1654         35.0       600
1655         35.0       600
1656         35.0       600
1657         35.0       600
1658         35.0       600
1659         35.0       600
1660         35.0       600
1661         35.0       600
1662         35.0       600
1663         35.0       600
1664         35.0       600
1665         35.0       600
1666         35.0       600
1667         35.0       600
1668         35.0       600
1669         35.0       600
1670         35.0       600
1671         35.0       600
1672         35.0       600
1673         35.0       600
1674         35.0       600
1675         35.0       600
1676         35.0       600
1677         34.0       600
1678         35.0       600
1679         35.0       600
